2025-11-19 09:40:00 INFO Application started
2025-11-19 09:40:01 INFO Database connection established
2025-11-19 09:40:02 INFO Server listening on port 3000
2025-11-19 09:40:03 INFO Ready to accept connections
2025-11-19 09:45:10 WARN High memory usage detected
2025-11-19 09:45:15 INFO New user registered: user123
2025-11-19 09:50:20 ERROR Failed to send email to user
2025-11-19 09:50:25 INFO Email service restarted successfully
2025-11-19 09:55:30 INFO Scheduled maintenance starting at midnight
2025-11-19 09:55:35 INFO Backup completed successfully
2025-11-19 10:00:00 INFO Application running smoothly
2025-11-19 10:05:10 WARN Disk space running low
2025-11-19 10:10:20 INFO User user123 logged in
2025-11-19 10:15:30 ERROR Database timeout occurred
2025-11-19 10:20:40 INFO Database connection re-established
2025-11-19 10:25:50 INFO New feature deployed successfully
2025-11-19 10:30:00 INFO Application health check passed
2025-11-19 10:35:10 WARN CPU usage high
2025-11-19 10:40:20 INFO User user456 registered
2025-11-19 10:45:30 ERROR Failed to process payment
2025-11-19 10:50:40 INFO Payment service restarted
2025-11-19 10:55:50 INFO System monitoring enabled
2025-11-19 11:00:00 INFO Application shutdown initiated
2025-11-19 11:00:05 INFO Application stopped successfully
2025-11-19 11:05:10 INFO Application started
2025-11-19 10:14:00 INFO New log entry added
2025-11-19 10:14:01 INFO Testing real-time streaming
2025-11-19 10:14:02 ERROR This is an error message
2025-11-19 10:14:03 INFO Application processing request
2025-11-19 10:14:04 WARN This is a warning message rutwik
2025-11-19 10:14:05 INFO Application request completed rutwik2025-11-19 10:19:39 INFO Log entry 1 - rutwik 1
2025-11-19 10:19:40 INFO Log entry 2 - rutwik 2
2025-11-19 10:19:41 INFO Log entry 3 - rutwik 3
2025-11-19 10:19:42 INFO Log entry 4 - rutwik 4
2025-11-19 10:19:43 INFO Log entry 5 - rutwik 5
2025-11-19 10:19:44 INFO Log entry 6 - rutwik 6
2025-11-19 10:19:45 INFO Log entry 7 - rutwik 7
2025-11-19 10:19:47 INFO Log entry 8 - rutwik 8
2025-11-19 10:19:48 INFO Log entry 9 - rutwik 9
2025-11-19 10:19:49 INFO Log entry 10 - rutwik 10
2025-11-19 10:19:50 INFO Log entry 11 - rutwik 11
2025-11-19 10:19:51 INFO Log entry 12 - rutwik 12
2025-11-19 10:19:52 INFO Log entry 13 - rutwik 13
2025-11-19 10:19:53 INFO Log entry 14 - rutwik 14
2025-11-19 10:19:54 INFO Log entry 15 - rutwik 15
2025-11-19 10:19:55 INFO Log entry 16 - rutwik 16
2025-11-19 10:19:56 INFO Log entry 17 - rutwik 17
2025-11-19 10:19:57 INFO Log entry 18 - rutwik 18
2025-11-19 10:19:58 INFO Log entry 19 - rutwik 19
2025-11-19 10:19:59 INFO Log entry 20 - rutwik 20
2025-11-19 10:20:00 INFO Log entry 21 - rutwik 21
2025-11-19 10:20:01 INFO Log entry 22 - rutwik 22
2025-11-19 10:20:02 INFO Log entry 23 - rutwik 23
2025-11-19 10:20:03 INFO Log entry 24 - rutwik 24
2025-11-19 10:20:04 INFO Log entry 25 - rutwik 25
2025-11-19 10:20:05 INFO Log entry 26 - rutwik 26
2025-11-19 10:20:06 INFO Log entry 27 - rutwik 27
2025-11-19 10:20:07 INFO Log entry 28 - rutwik 28
2025-11-19 10:20:08 INFO Log entry 29 - rutwik 29
2025-11-19 10:20:09 INFO Log entry 30 - rutwik 30
2025-11-19 10:20:10 INFO Log entry 31 - rutwik 31
2025-11-19 10:20:11 INFO Log entry 32 - rutwik 32
2025-11-19 10:20:12 INFO Log entry 33 - rutwik 33
2025-11-19 10:20:13 INFO Log entry 34 - rutwik 34
2025-11-19 10:20:14 INFO Log entry 35 - rutwik 35
2025-11-19 10:20:15 INFO Log entry 36 - rutwik 36
2025-11-19 10:20:16 INFO Log entry 37 - rutwik 37
2025-11-19 10:20:17 INFO Log entry 38 - rutwik 38
2025-11-19 10:20:19 INFO Log entry 39 - rutwik 39
2025-11-19 10:20:20 INFO Log entry 40 - rutwik 40
2025-11-19 10:20:21 INFO Log entry 41 - rutwik 41
2025-11-19 10:20:22 INFO Log entry 42 - rutwik 42
2025-11-19 10:20:24 INFO Log entry 43 - rutwik 43
2025-11-19 10:20:25 INFO Log entry 44 - rutwik 44
2025-11-19 10:20:26 INFO Log entry 45 - rutwik 45
2025-11-19 10:20:27 INFO Log entry 46 - rutwik 46
2025-11-19 10:20:28 INFO Log entry 47 - rutwik 47
2025-11-19 10:20:29 INFO Log entry 48 - rutwik 48
2025-11-19 10:20:30 INFO Log entry 49 - rutwik 49
2025-11-19 10:20:31 INFO Log entry 50 - rutwik 50
2025-11-19 10:20:32 INFO Log entry 51 - rutwik 51
2025-11-19 10:20:33 INFO Log entry 52 - rutwik 52
2025-11-19 10:20:34 INFO Log entry 53 - rutwik 53
2025-11-19 10:20:35 INFO Log entry 54 - rutwik 54
2025-11-19 10:20:36 INFO Log entry 55 - rutwik 55
2025-11-19 10:20:37 INFO Log entry 56 - rutwik 56
2025-11-19 10:20:38 INFO Log entry 57 - rutwik 57
2025-11-19 10:20:39 INFO Log entry 58 - rutwik 58
2025-11-19 10:20:40 INFO Log entry 59 - rutwik 59
2025-11-19 10:20:41 INFO Log entry 60 - rutwik 60
2025-11-19 10:20:42 INFO Log entry 61 - rutwik 61
